# JRE version: OpenJDK Runtime Environment Temurin-17.0.9+9 (17.0.9+9) (build 17.0.9+9)
# Java VM: OpenJDK 64-Bit Server VM Temurin-17.0.9+9 (17.0.9+9, mixed mode, emulated-client, tiered, compressed oops, compressed class ptrs, g1 gc, windows-amd64)
GC Precious Log:
 CPUs: 8 total, 8 available
 Memory: 8053M
 Large Page Support: Disabled
 NUMA Support: Disabled
 Compressed Oops: Enabled (32-bit)
 Heap Region Size: 1M
 Heap Min Capacity: 8M
 Heap Initial Capacity: 126M
 Heap Max Capacity: 1G
 Pre-touch: Disabled
 Parallel Workers: 8
 Concurrent Workers: 2
 Concurrent Refinement Workers: 8
 Periodic GC: Disabled
Heap:
 garbage-first heap   total 102400K, used 35576K [0x00000000c0000000, 0x0000000100000000)
  region size 1024K, 1 young (1024K), 0 survivors (0K)
 Metaspace       used 59923K, committed 60416K, reserved 1114112K
  class space    used 7495K, committed 7680K, reserved 1048576K
GC Heap History (20 events):
Event: 10598.276 GC heap before
{Heap before GC invocations=210 (full 90):
 garbage-first heap   total 102400K, used 35576K [0x00000000c0000000, 0x0000000100000000)
  region size 1024K, 1 young (1024K), 0 survivors (0K)
 Metaspace       used 59923K, committed 60416K, reserved 1114112K
  class space    used 7495K, committed 7680K, reserved 1048576K
}
Event: 10598.362 GC heap after
{Heap after GC invocations=211 (full 91):
 garbage-first heap   total 102400K, used 35576K [0x00000000c0000000, 0x0000000100000000)
  region size 1024K, 0 young (0K), 0 survivors (0K)
 Metaspace       used 59923K, committed 60416K, reserved 1114112K
  class space    used 7495K, committed 7680K, reserved 1048576K
}
Event: 10608.680 GC heap before
{Heap before GC invocations=211 (full 91):
 garbage-first heap   total 102400K, used 35576K [0x00000000c0000000, 0x0000000100000000)
  region size 1024K, 1 young (1024K), 0 survivors (0K)
 Metaspace       used 59923K, committed 60416K, reserved 1114112K
  class space    used 7495K, committed 7680K, reserved 1048576K
}
Event: 10608.760 GC heap after
{Heap after GC invocations=212 (full 92):
 garbage-first heap   total 102400K, used 35576K [0x00000000c0000000, 0x0000000100000000)
  region size 1024K, 0 young (0K), 0 survivors (0K)
 Metaspace       used 59923K, committed 60416K, reserved 1114112K
  class space    used 7495K, committed 7680K, reserved 1048576K
}
Event: 10619.030 GC heap before
{Heap before GC invocations=212 (full 92):
 garbage-first heap   total 102400K, used 35576K [0x00000000c0000000, 0x0000000100000000)
  region size 1024K, 1 young (1024K), 0 survivors (0K)
 Metaspace       used 59923K, committed 60416K, reserved 1114112K
  class space    used 7495K, committed 7680K, reserved 1048576K
}
Event: 10619.115 GC heap after
{Heap after GC invocations=213 (full 93):
 garbage-first heap   total 102400K, used 35576K [0x00000000c0000000, 0x0000000100000000)
  region size 1024K, 0 young (0K), 0 survivors (0K)
 Metaspace       used 59923K, committed 60416K, reserved 1114112K
  class space    used 7495K, committed 7680K, reserved 1048576K
}
Event: 10629.482 GC heap before
{Heap before GC invocations=213 (full 93):
 garbage-first heap   total 102400K, used 35576K [0x00000000c0000000, 0x0000000100000000)
  region size 1024K, 1 young (1024K), 0 survivors (0K)
 Metaspace       used 59923K, committed 60416K, reserved 1114112K
  class space    used 7495K, committed 7680K, reserved 1048576K
}
Event: 10629.586 GC heap after
{Heap after GC invocations=214 (full 94):
 garbage-first heap   total 102400K, used 35576K [0x00000000c0000000, 0x0000000100000000)
  region size 1024K, 0 young (0K), 0 survivors (0K)
 Metaspace       used 59923K, committed 60416K, reserved 1114112K
  class space    used 7495K, committed 7680K, reserved 1048576K
}
Event: 10639.863 GC heap before
{Heap before GC invocations=214 (full 94):
 garbage-first heap   total 102400K, used 35576K [0x00000000c0000000, 0x0000000100000000)
  region size 1024K, 1 young (1024K), 0 survivors (0K)
 Metaspace       used 59923K, committed 60416K, reserved 1114112K
  class space    used 7495K, committed 7680K, reserved 1048576K
}
Event: 10639.952 GC heap after
{Heap after GC invocations=215 (full 95):
 garbage-first heap   total 102400K, used 35576K [0x00000000c0000000, 0x0000000100000000)
  region size 1024K, 0 young (0K), 0 survivors (0K)
 Metaspace       used 59923K, committed 60416K, reserved 1114112K
  class space    used 7495K, committed 7680K, reserved 1048576K
}
Event: 10650.253 GC heap before
{Heap before GC invocations=215 (full 95):
 garbage-first heap   total 102400K, used 35576K [0x00000000c0000000, 0x0000000100000000)
  region size 1024K, 1 young (1024K), 0 survivors (0K)
 Metaspace       used 59923K, committed 60416K, reserved 1114112K
  class space    used 7495K, committed 7680K, reserved 1048576K
}
Event: 10650.350 GC heap after
{Heap after GC invocations=216 (full 96):
 garbage-first heap   total 102400K, used 35576K [0x00000000c0000000, 0x0000000100000000)
  region size 1024K, 0 young (0K), 0 survivors (0K)
 Metaspace       used 59923K, committed 60416K, reserved 1114112K
  class space    used 7495K, committed 7680K, reserved 1048576K
}
Event: 10660.594 GC heap before
{Heap before GC invocations=216 (full 96):
 garbage-first heap   total 102400K, used 35576K [0x00000000c0000000, 0x0000000100000000)
  region size 1024K, 1 young (1024K), 0 survivors (0K)
 Metaspace       used 59923K, committed 60416K, reserved 1114112K
  class space    used 7495K, committed 7680K, reserved 1048576K
}
Event: 10660.654 GC heap after
{Heap after GC invocations=217 (full 97):
 garbage-first heap   total 102400K, used 35576K [0x00000000c0000000, 0x0000000100000000)
  region size 1024K, 0 young (0K), 0 survivors (0K)
 Metaspace       used 59923K, committed 60416K, reserved 1114112K
  class space    used 7495K, committed 7680K, reserved 1048576K
}
Event: 10670.882 GC heap before
{Heap before GC invocations=217 (full 97):
 garbage-first heap   total 102400K, used 35576K [0x00000000c0000000, 0x0000000100000000)
  region size 1024K, 1 young (1024K), 0 survivors (0K)
 Metaspace       used 59923K, committed 60416K, reserved 1114112K
  class space    used 7495K, committed 7680K, reserved 1048576K
}
Event: 10670.934 GC heap after
{Heap after GC invocations=218 (full 98):
 garbage-first heap   total 102400K, used 35576K [0x00000000c0000000, 0x0000000100000000)
  region size 1024K, 0 young (0K), 0 survivors (0K)
 Metaspace       used 59923K, committed 60416K, reserved 1114112K
  class space    used 7495K, committed 7680K, reserved 1048576K
}
Event: 10681.225 GC heap before
{Heap before GC invocations=218 (full 98):
 garbage-first heap   total 102400K, used 35576K [0x00000000c0000000, 0x0000000100000000)
  region size 1024K, 1 young (1024K), 0 survivors (0K)
 Metaspace       used 59923K, committed 60416K, reserved 1114112K
  class space    used 7495K, committed 7680K, reserved 1048576K
}
Event: 10681.331 GC heap after
{Heap after GC invocations=219 (full 99):
 garbage-first heap   total 102400K, used 35576K [0x00000000c0000000, 0x0000000100000000)
  region size 1024K, 0 young (0K), 0 survivors (0K)
 Metaspace       used 59923K, committed 60416K, reserved 1114112K
  class space    used 7495K, committed 7680K, reserved 1048576K
}
Event: 10691.621 GC heap before
{Heap before GC invocations=219 (full 99):
 garbage-first heap   total 102400K, used 35576K [0x00000000c0000000, 0x0000000100000000)
  region size 1024K, 1 young (1024K), 0 survivors (0K)
 Metaspace       used 59923K, committed 60416K, reserved 1114112K
  class space    used 7495K, committed 7680K, reserved 1048576K
}
Event: 10691.723 GC heap after
{Heap after GC invocations=220 (full 100):
 garbage-first heap   total 102400K, used 35576K [0x00000000c0000000, 0x0000000100000000)
  region size 1024K, 0 young (0K), 0 survivors (0K)
 Metaspace       used 59923K, committed 60416K, reserved 1114112K
  class space    used 7495K, committed 7680K, reserved 1048576K
}

